
2015-12-13 11:32:45

Operating System
  Name                        = Microsoft Windows 8.1 Single Language
  Version                     = 6.3.9600
  Architecture                = 32bit
  # CPUs                      = 4
  Memory                      = 6248751104

Node.js
  Node.js Version             = 0.12.7
  npm Version                 = 2.11.3

Titanium CLI
  CLI Version                 = 5.0.5

Titanium SDK
  SDK Version                 = 5.1.1.GA
  SDK Path                    = C:\ProgramData\Titanium\mobilesdk\win32\5.1.1.GA
  Target Platform             = android

Command
  node C:\Users\Israel\.appcelerator\install\5.1.0\package\node_modules\appc-cli-titanium\node_modules\titanium\bin\titanium build --platform android --log-level trace --sdk 5.1.1.GA --project-dir C:\Users\Israel\Documents\Appcelerator_Studio_Workspace\JogoDaVelha --target device --android-sdk C:\androidsdk --device-id 0423334279 --no-colors --no-progress-bars --no-prompt --prompt-type socket-bundle --prompt-port 64992 --plugin-paths C:\Users\Israel\.appcelerator\install\5.1.0\package\node_modules --config-file C:\Users\Israel\AppData\Local\Temp\build-1450013555215.json --no-banner

[DEBUG]  Detecting modules in C:\ProgramData\Application Data\Titanium\modules
[DEBUG]  Detected android module: facebook 4.0.5 @ C:\ProgramData\Application Data\Titanium\modules\android\facebook\4.0.5
[DEBUG]  Detected android module: ti.cloudpush 3.4.0 @ C:\ProgramData\Application Data\Titanium\modules\android\ti.cloudpush\3.4.0
[DEBUG]  Detected android module: ti.map 2.3.4 @ C:\ProgramData\Application Data\Titanium\modules\android\ti.map\2.3.4
[DEBUG]  Detected commonjs module: ti.cloud 3.2.9 @ C:\ProgramData\Application Data\Titanium\modules\commonjs\ti.cloud\3.2.9
[DEBUG]  Detecting modules in C:\ProgramData\Titanium\modules
[DEBUG]  Detected android module: facebook 4.0.5 @ C:\ProgramData\Titanium\modules\android\facebook\4.0.5
[DEBUG]  Detected android module: ti.cloudpush 3.4.0 @ C:\ProgramData\Titanium\modules\android\ti.cloudpush\3.4.0
[DEBUG]  Detected android module: ti.map 2.3.4 @ C:\ProgramData\Titanium\modules\android\ti.map\2.3.4
[DEBUG]  Detected commonjs module: ti.cloud 3.2.9 @ C:\ProgramData\Titanium\modules\commonjs\ti.cloud\3.2.9
[DEBUG]  No project level plugins to load
[TRACE]  Snapshotting build directory
[DEBUG]  Titanium SDK Android directory: C:\ProgramData\Titanium\mobilesdk\win32\5.1.1.GA\android
[INFO]   Deploy type: test
[INFO]   Building for target: device
[INFO]   Building for device: 0423334279
[INFO]   Targeting Android SDK API: 23
[INFO]   Building for the following architectures: armeabi, armeabi-v7a, x86
[INFO]   Signing with keystore: C:\ProgramData\Titanium\mobilesdk\win32\5.1.1.GA\android\dev_keystore (tidev)
[DEBUG]  App ID: com.israelnascimento.jogodavelha
[DEBUG]  Classname: Jogodavelha
[INFO]   Debugging disabled
[INFO]   Profiler disabled
[INFO]   Forcing rebuild: JavaScript files need to be re-encrypted
[TRACE]  offline build file C:\Users\Israel\AppData\Local\Temp\build-fc98033d04500db9b9c7d77096bb83942e1c54fd.json
[TRACE]  online 1
[TRACE]  sending request {"json":{"username":"dev.israelnascimento@gmail.com","session":"ab5f0003060b433c313e69fcd55c503bdb5acf84 khl1PzXjEADTQDf/y40fRV4oqgtqdWK6iypjkjaPfrO/GpyVuyDZxbLY8OXfPAyk2smNuqt/iluA5fPqNFtzKXauZZUaswnVquL07EmKnjvJpGdX7QhDwZKec4nL6qIVmFZaOAyYoAYKZaEfEC+eceqsN0k/8p5hM/SZljdcxSbpHf8oowbzZgdVOUSsXsu+RG1Q3I12G/qh3ufEi6fdiOTDD535hpdZTRAV+BeoHKTspKyqe6bzqjyLwWEtGgbqOqHxb+O53SEKVT+LQjrPzMAlqzGXu3WyVUW1MxUWjLf0eXsFQZWRe7BNC5lMPytZ01tFUkp+sDuV7Il4j8fTBQAH72go8mXbyrPBR3r49sMJmaRxJHxnn5usMZ0UPhy1Fl+9FiXLQqMGVsAtGoc+9FkmnAWwkOFhzUZIsnpiiDiJtIk5Uidtq061FubSu8gnrpp7MNI9UhcY+FZz0Wicz3yANocF1p6qqKaLHfUCMmJM6LMewcG1b/kgBCW1yQImrnLLeYb1PLXmXVV7L5UTPZO62mt0F/HXlfIIxNkuIFvcbjvGNCj+wXs9Vx/YYty1+khkMI8WV7Tq/nxLuMRizE9Wo78hErxwSMlUnrRwcilCsMDfRapJj2eIBGse99NRO69VroChYCl0pixNWoJTPCzP5u6V4zhKUQ6TjmblcAVnU5vHEb0L3JqWbpn31DzdZajxqjhVaIq2L1IIex4hVxquAaL6psF02cpSp5Hdvg0lQ4E9iGn0wME7fbPAAhit+Te8Ck8y22Zsf7/qiaC2kQGCNWHSWmjEWSKSOXOeQw7Pq3MFrmugh5rQc5vy7SuE","ipaddress":"192.168.0.6","fingerprint":"f26a8718ab99bf0ce0a27c52cd8ce01ff55937bd","fingerprint_description":"Windows Machine ID: eb5a2ee3-b89f-495d-9e10-0b511b2849ad","guid":"033bc59a-9568-4d18-9ccc-b547d7f8d12c","appid":"com.israelnascimento.jogodavelha","name":"JogoDaVelha","org_id":100086893,"deploytype":"test","tiappxml":"<?xml version=\"1.0\" encoding=\"UTF-8\"?>\n<ti:app \n  xmlns:ti=\"http://ti.appcelerator.org\">\n  <id>com.israelnascimento.jogodavelha</id>\n  <name>JogoDaVelha</name>\n  <version>1.0</version>\n  <publisher>Israel</publisher>\n  <url>http://isranascimento.github.io</url>\n  <description/>\n  <copyright>2015 by Israel</copyright>\n  <icon>appicon.png</icon>\n  <fullscreen>false</fullscreen>\n  <navbar-hidden>true</navbar-hidden>\n  <analytics>false</analytics>\n  <guid>033bc59a-9568-4d18-9ccc-b547d7f8d12c</guid>\n  <property name=\"ti.ui.defaultunit\" type=\"string\">dp</property>\n  <ios>\n    <plist>\n      <dict>\n        <key>UISupportedInterfaceOrientations~iphone</key>\n        <array>\n          <string>UIInterfaceOrientationPortrait</string>\n        </array>\n        <key>UISupportedInterfaceOrientations~ipad</key>\n        <array>\n          <string>UIInterfaceOrientationPortrait</string>\n          <string>UIInterfaceOrientationPortraitUpsideDown</string>\n          <string>UIInterfaceOrientationLandscapeLeft</string>\n          <string>UIInterfaceOrientationLandscapeRight</string>\n        </array>\n        <key>UIRequiresPersistentWiFi</key>\n        <false/>\n        <key>UIPrerenderedIcon</key>\n        <false/>\n        <key>UIStatusBarHidden</key>\n        <false/>\n        <key>UIStatusBarStyle</key>\n        <string>UIStatusBarStyleDefault</string>\n      </dict>\n    </plist>\n  </ios>\n  <android \n    xmlns:android=\"http://schemas.android.com/apk/res/android\"/>\n    <mobileweb>\n      <precache/>\n      <splash>\n        <enabled>true</enabled>\n        <inline-css-images>true</inline-css-images>\n      </splash>\n      <theme>default</theme>\n    </mobileweb>\n    <modules/>\n    <deployment-targets>\n      <target device=\"iphone\">false</target>\n      <target device=\"ipad\">false</target>\n      <target device=\"android\">true</target>\n      <target device=\"mobileweb\">false</target>\n      <target device=\"windows\">false</target>\n    </deployment-targets>\n    <sdk-version>5.1.1.GA</sdk-version>\n    <property name=\"appc-app-id\" type=\"string\">566c095054e510f4297cf8c7</property>\n  </ti:app>","modules":[]},"gzip":true,"followAllRedirects":true,"url":"https://security.appcelerator.com/build-verify"}
[TRACE]  result from /build-verify=> {"key":"6Mw31Gl4Yl++Kw2Rm/XZaw==","pepper":"RW4Z6g88UYyvub/za97kaw==","hmacKey":"EdF2oz5DAUs8JXmpO3iwQg==","o":100086893,"u":"968eb323-3362-4590-94ca-dd0c2c58cc77","p":"free","i":"566d737602e88d090e01eb21","success":true}, err=null
[INFO]   JavaScript files need to be encrypted
[DEBUG]  Copying C:\Users\Israel\Documents\Appcelerator_Studio_Workspace\JogoDaVelha\Resources
[DEBUG]  Ignoring C:\Users\Israel\Documents\Appcelerator_Studio_Workspace\JogoDaVelha\Resources\android
[WARN]   Overwriting file C:\Users\Israel\Documents\Appcelerator_Studio_Workspace\JogoDaVelha\build\android\bin\assets\Resources\KS_nav_ui.png
[DEBUG]  Copying C:\Users\Israel\Documents\Appcelerator_Studio_Workspace\JogoDaVelha\Resources\KS_nav_ui.png => C:\Users\Israel\Documents\Appcelerator_Studio_Workspace\JogoDaVelha\build\android\bin\assets\Resources\KS_nav_ui.png
[WARN]   Overwriting file C:\Users\Israel\Documents\Appcelerator_Studio_Workspace\JogoDaVelha\build\android\bin\assets\Resources\KS_nav_views.png
[DEBUG]  Copying C:\Users\Israel\Documents\Appcelerator_Studio_Workspace\JogoDaVelha\Resources\KS_nav_views.png => C:\Users\Israel\Documents\Appcelerator_Studio_Workspace\JogoDaVelha\build\android\bin\assets\Resources\KS_nav_views.png
[DEBUG]  Ignoring C:\Users\Israel\Documents\Appcelerator_Studio_Workspace\JogoDaVelha\Resources\Thumbs.db
[DEBUG]  Copying C:\Users\Israel\Documents\Appcelerator_Studio_Workspace\JogoDaVelha\Resources\android
[WARN]   Overwriting file C:\Users\Israel\Documents\Appcelerator_Studio_Workspace\JogoDaVelha\build\android\bin\assets\Resources\appicon.png
[DEBUG]  Copying C:\Users\Israel\Documents\Appcelerator_Studio_Workspace\JogoDaVelha\Resources\android\appicon.png => C:\Users\Israel\Documents\Appcelerator_Studio_Workspace\JogoDaVelha\build\android\bin\assets\Resources\appicon.png
[DEBUG]  Copying C:\Users\Israel\Documents\Appcelerator_Studio_Workspace\JogoDaVelha\Resources\android\default.png => C:\Users\Israel\Documents\Appcelerator_Studio_Workspace\JogoDaVelha\build\android\res\drawable\background.png
[DEBUG]  Copying C:\Users\Israel\Documents\Appcelerator_Studio_Workspace\JogoDaVelha\Resources\android\images\res-long-land-hdpi\default.png => C:\Users\Israel\Documents\Appcelerator_Studio_Workspace\JogoDaVelha\build\android\res\drawable-long-land-hdpi\background.png
[DEBUG]  Copying C:\Users\Israel\Documents\Appcelerator_Studio_Workspace\JogoDaVelha\Resources\android\images\res-long-land-ldpi\default.png => C:\Users\Israel\Documents\Appcelerator_Studio_Workspace\JogoDaVelha\build\android\res\drawable-long-land-ldpi\background.png
[DEBUG]  Copying C:\Users\Israel\Documents\Appcelerator_Studio_Workspace\JogoDaVelha\Resources\android\images\res-long-port-hdpi\default.png => C:\Users\Israel\Documents\Appcelerator_Studio_Workspace\JogoDaVelha\build\android\res\drawable-long-port-hdpi\background.png
[DEBUG]  Copying C:\Users\Israel\Documents\Appcelerator_Studio_Workspace\JogoDaVelha\Resources\android\images\res-long-port-ldpi\default.png => C:\Users\Israel\Documents\Appcelerator_Studio_Workspace\JogoDaVelha\build\android\res\drawable-long-port-ldpi\background.png
[DEBUG]  Copying C:\Users\Israel\Documents\Appcelerator_Studio_Workspace\JogoDaVelha\Resources\android\images\res-notlong-land-hdpi\default.png => C:\Users\Israel\Documents\Appcelerator_Studio_Workspace\JogoDaVelha\build\android\res\drawable-notlong-land-hdpi\background.png
[DEBUG]  Copying C:\Users\Israel\Documents\Appcelerator_Studio_Workspace\JogoDaVelha\Resources\android\images\res-notlong-land-ldpi\default.png => C:\Users\Israel\Documents\Appcelerator_Studio_Workspace\JogoDaVelha\build\android\res\drawable-notlong-land-ldpi\background.png
[DEBUG]  Copying C:\Users\Israel\Documents\Appcelerator_Studio_Workspace\JogoDaVelha\Resources\android\images\res-notlong-land-mdpi\default.png => C:\Users\Israel\Documents\Appcelerator_Studio_Workspace\JogoDaVelha\build\android\res\drawable-notlong-land-mdpi\background.png
[DEBUG]  Copying C:\Users\Israel\Documents\Appcelerator_Studio_Workspace\JogoDaVelha\Resources\android\images\res-notlong-port-hdpi\default.png => C:\Users\Israel\Documents\Appcelerator_Studio_Workspace\JogoDaVelha\build\android\res\drawable-notlong-port-hdpi\background.png
[DEBUG]  Copying C:\Users\Israel\Documents\Appcelerator_Studio_Workspace\JogoDaVelha\Resources\android\images\res-notlong-port-ldpi\default.png => C:\Users\Israel\Documents\Appcelerator_Studio_Workspace\JogoDaVelha\build\android\res\drawable-notlong-port-ldpi\background.png
[DEBUG]  Copying C:\Users\Israel\Documents\Appcelerator_Studio_Workspace\JogoDaVelha\Resources\android\images\res-notlong-port-mdpi\default.png => C:\Users\Israel\Documents\Appcelerator_Studio_Workspace\JogoDaVelha\build\android\res\drawable-notlong-port-mdpi\background.png
[DEBUG]  Ignoring C:\Users\Israel\Documents\Appcelerator_Studio_Workspace\JogoDaVelha\Resources\android\Thumbs.db
[DEBUG]  Copying C:\Users\Israel\Documents\Appcelerator_Studio_Workspace\JogoDaVelha\build\android\bin\assets\Resources\appicon.png => C:\Users\Israel\Documents\Appcelerator_Studio_Workspace\JogoDaVelha\build\android\res\drawable\appicon.png
[INFO]   Processing JavaScript files
[DEBUG]  Copying and minifying C:\Users\Israel\Documents\Appcelerator_Studio_Workspace\JogoDaVelha\Resources\app.js => C:\Users\Israel\Documents\Appcelerator_Studio_Workspace\JogoDaVelha\build\android\assets\app.js
[INFO]   Encrypting JavaScript files: C:\ProgramData\Titanium\mobilesdk\win32\5.1.1.GA\android\titanium_prep.win32.exe "com.israelnascimento.jogodavelha" "C:\Users\Israel\Documents\Appcelerator_Studio_Workspace\JogoDaVelha\build\android\assets" "app.js" "_app_props_.json"
[DEBUG]  32-bit titanium prep failed, trying again using 64-bit
[INFO]   Encrypting JavaScript files: C:\ProgramData\Titanium\mobilesdk\win32\5.1.1.GA\android\titanium_prep.win64.exe "com.israelnascimento.jogodavelha" "C:\Users\Israel\Documents\Appcelerator_Studio_Workspace\JogoDaVelha\build\android\assets" "app.js" "_app_props_.json"
[DEBUG]  Adding library C:\ProgramData\Titanium\mobilesdk\win32\5.1.1.GA\android\kroll-v8.jar
[DEBUG]  Adding library C:\ProgramData\Titanium\mobilesdk\win32\5.1.1.GA\android\modules\titanium-analytics.jar
[DEBUG]  Adding dependency library C:\ProgramData\Titanium\mobilesdk\win32\5.1.1.GA\android\aps-analytics.jar
[DEBUG]  Adding library C:\ProgramData\Titanium\mobilesdk\win32\5.1.1.GA\android\modules\titanium-android.jar
[DEBUG]  Adding dependency library C:\ProgramData\Titanium\mobilesdk\win32\5.1.1.GA\android\jaxen-1.1.1.jar
[DEBUG]  Adding dependency library C:\ProgramData\Titanium\mobilesdk\win32\5.1.1.GA\android\ti-commons-codec-1.3.jar
[DEBUG]  Adding dependency library C:\ProgramData\Titanium\mobilesdk\win32\5.1.1.GA\android\kroll-common.jar
[DEBUG]  Adding dependency library C:\ProgramData\Titanium\mobilesdk\win32\5.1.1.GA\android\titanium.jar
[DEBUG]  Adding library C:\ProgramData\Titanium\mobilesdk\win32\5.1.1.GA\android\modules\titanium-app.jar
[DEBUG]  Adding library C:\ProgramData\Titanium\mobilesdk\win32\5.1.1.GA\android\modules\titanium-ui.jar
[DEBUG]  Adding dependency library C:\ProgramData\Titanium\mobilesdk\win32\5.1.1.GA\android\nineoldandroids-appc-2.4.0.jar
[DEBUG]  Adding library C:\ProgramData\Titanium\mobilesdk\win32\5.1.1.GA\android\modules\titanium-filesystem.jar
[DEBUG]  Adding library C:\ProgramData\Titanium\mobilesdk\win32\5.1.1.GA\android\modules\titanium-media.jar
[DEBUG]  Adding library C:\ProgramData\Titanium\mobilesdk\win32\5.1.1.GA\android\modules\titanium-appcompat.jar
[DEBUG]  Adding dependency library C:\ProgramData\Titanium\mobilesdk\win32\5.1.1.GA\android\android-support-v4.jar
[DEBUG]  Adding dependency library C:\ProgramData\Titanium\mobilesdk\win32\5.1.1.GA\android\android-support-v7-appcompat.jar
[DEBUG]  Adding library C:\ProgramData\Titanium\mobilesdk\win32\5.1.1.GA\android\modules\titanium-cardview.jar
[DEBUG]  Adding dependency library C:\ProgramData\Titanium\mobilesdk\win32\5.1.1.GA\android\cardview-v7-23.0.1.jar
[DEBUG]  Adding library C:\ProgramData\Titanium\mobilesdk\win32\5.1.1.GA\android\modules\titanium-locale.jar
[DEBUG]  Adding library C:\ProgramData\Titanium\mobilesdk\win32\5.1.1.GA\android\modules\titanium-network.jar
[DEBUG]  Adding library C:\ProgramData\Titanium\mobilesdk\win32\5.1.1.GA\android\modules\titanium-xml.jar
[DEBUG]  Unknown namespace api, skipping
[INFO]   Writing C:\Users\Israel\Documents\Appcelerator_Studio_Workspace\JogoDaVelha\build\android\bin\assets\app.json
[INFO]   Extracting module resources: C:\ProgramData\Titanium\mobilesdk\win32\5.1.1.GA\android\modules\titanium-analytics.res.zip
[DEBUG]  Copying C:\Users\Israel\AppData\Local\Temp\1151113-1332-1v6fbg0\res\values\strings.xml => C:\Users\Israel\Documents\Appcelerator_Studio_Workspace\JogoDaVelha\build\android\res\values\strings.xml
[INFO]   Extracting module resources: C:\ProgramData\Titanium\mobilesdk\win32\5.1.1.GA\android\modules\titanium-android.res.zip
[DEBUG]  Merging C:\Users\Israel\AppData\Local\Temp\1151113-1332-1u6n90v\res\values\strings.xml => C:\Users\Israel\Documents\Appcelerator_Studio_Workspace\JogoDaVelha\build\android\res\values\strings.xml
[INFO]   Extracting module resources: C:\ProgramData\Titanium\mobilesdk\win32\5.1.1.GA\android\modules\titanium-app.res.zip
[DEBUG]  Merging C:\Users\Israel\AppData\Local\Temp\1151113-1332-ptc8gg\res\values\strings.xml => C:\Users\Israel\Documents\Appcelerator_Studio_Workspace\JogoDaVelha\build\android\res\values\strings.xml
[INFO]   Extracting module resources: C:\ProgramData\Titanium\mobilesdk\win32\5.1.1.GA\android\modules\titanium-filesystem.res.zip
[DEBUG]  Merging C:\Users\Israel\AppData\Local\Temp\1151113-1332-j5pcl\res\values\strings.xml => C:\Users\Israel\Documents\Appcelerator_Studio_Workspace\JogoDaVelha\build\android\res\values\strings.xml
[INFO]   Extracting module resources: C:\ProgramData\Titanium\mobilesdk\win32\5.1.1.GA\android\modules\titanium-media.res.zip
[DEBUG]  Merging C:\Users\Israel\AppData\Local\Temp\1151113-1332-9v65r\res\values\strings.xml => C:\Users\Israel\Documents\Appcelerator_Studio_Workspace\JogoDaVelha\build\android\res\values\strings.xml
[INFO]   Extracting module resources: C:\ProgramData\Titanium\mobilesdk\win32\5.1.1.GA\android\modules\titanium-locale.res.zip
[DEBUG]  Merging C:\Users\Israel\AppData\Local\Temp\1151113-1332-ivfsb7\res\values\strings.xml => C:\Users\Israel\Documents\Appcelerator_Studio_Workspace\JogoDaVelha\build\android\res\values\strings.xml
[INFO]   Extracting module resources: C:\ProgramData\Titanium\mobilesdk\win32\5.1.1.GA\android\modules\titanium-network.res.zip
[DEBUG]  Merging C:\Users\Israel\AppData\Local\Temp\1151113-1332-bf8hn6\res\values\strings.xml => C:\Users\Israel\Documents\Appcelerator_Studio_Workspace\JogoDaVelha\build\android\res\values\strings.xml
[INFO]   Extracting module resources: C:\ProgramData\Titanium\mobilesdk\win32\5.1.1.GA\android\modules\titanium-xml.res.zip
[DEBUG]  Merging C:\Users\Israel\AppData\Local\Temp\1151113-1332-16ivpnk\res\values\strings.xml => C:\Users\Israel\Documents\Appcelerator_Studio_Workspace\JogoDaVelha\build\android\res\values\strings.xml
[DEBUG]  Removing old file: C:\Users\Israel\Documents\Appcelerator_Studio_Workspace\JogoDaVelha\build\android\.classpath
[DEBUG]  Removing old file: C:\Users\Israel\Documents\Appcelerator_Studio_Workspace\JogoDaVelha\build\android\.gitignore
[DEBUG]  Removing old file: C:\Users\Israel\Documents\Appcelerator_Studio_Workspace\JogoDaVelha\build\android\.project
[DEBUG]  Removing old file: C:\Users\Israel\Documents\Appcelerator_Studio_Workspace\JogoDaVelha\build\android\AndroidManifest.xml
[DEBUG]  Removing old file: C:\Users\Israel\Documents\Appcelerator_Studio_Workspace\JogoDaVelha\build\android\default.properties
[DEBUG]  Removing old file: C:\Users\Israel\Documents\Appcelerator_Studio_Workspace\JogoDaVelha\build\android\java-sources.txt
[DEBUG]  Copying template C:\ProgramData\Titanium\mobilesdk\win32\5.1.1.GA\android\templates\build\AppInfo.java => C:\Users\Israel\Documents\Appcelerator_Studio_Workspace\JogoDaVelha\build\android\gen\com\israelnascimento\jogodavelha\JogodavelhaAppInfo.java
[DEBUG]  Copying template C:\ProgramData\Titanium\mobilesdk\win32\5.1.1.GA\android\templates\build\App.java => C:\Users\Israel\Documents\Appcelerator_Studio_Workspace\JogoDaVelha\build\android\gen\com\israelnascimento\jogodavelha\JogodavelhaApplication.java
[DEBUG]  Copying template C:\ProgramData\Titanium\mobilesdk\win32\5.1.1.GA\android\templates\build\Activity.java => C:\Users\Israel\Documents\Appcelerator_Studio_Workspace\JogoDaVelha\build\android\gen\com\israelnascimento\jogodavelha\JogodavelhaActivity.java
[DEBUG]  Copying template C:\ProgramData\Titanium\mobilesdk\win32\5.1.1.GA\android\templates\build\project => C:\Users\Israel\Documents\Appcelerator_Studio_Workspace\JogoDaVelha\build\android\.project
[DEBUG]  Copying template C:\ProgramData\Titanium\mobilesdk\win32\5.1.1.GA\android\templates\build\default.properties => C:\Users\Israel\Documents\Appcelerator_Studio_Workspace\JogoDaVelha\build\android\default.properties
[DEBUG]  Copying C:\ProgramData\Titanium\mobilesdk\win32\5.1.1.GA\android\templates\build\gitignore => C:\Users\Israel\Documents\Appcelerator_Studio_Workspace\JogoDaVelha\build\android\.gitignore
[DEBUG]  Copying C:\ProgramData\Titanium\mobilesdk\win32\5.1.1.GA\android\templates\build\classpath => C:\Users\Israel\Documents\Appcelerator_Studio_Workspace\JogoDaVelha\build\android\.classpath
[INFO]   No aidl files to compile, continuing
[INFO]   Generating i18n files
[DEBUG]  Merging en strings => C:\Users\Israel\Documents\Appcelerator_Studio_Workspace\JogoDaVelha\build\android\res\values\strings.xml
[INFO]   Generating C:\Users\Israel\Documents\Appcelerator_Studio_Workspace\JogoDaVelha\build\android\res\values\theme.xml
[INFO]   Packaging application: C:\androidsdk\build-tools\23.0.1\aapt.exe "package" "-f" "-m" "-J" "C:\Users\Israel\Documents\Appcelerator_Studio_Workspace\JogoDaVelha\build\android\gen" "-M" "C:\Users\Israel\Documents\Appcelerator_Studio_Workspace\JogoDaVelha\build\android\AndroidManifest.xml" "-A" "C:\Users\Israel\Documents\Appcelerator_Studio_Workspace\JogoDaVelha\build\android\bin\assets" "-S" "C:\Users\Israel\Documents\Appcelerator_Studio_Workspace\JogoDaVelha\build\android\res" "-I" "C:\androidsdk\platforms\android-23\android.jar" "-F" "C:\Users\Israel\Documents\Appcelerator_Studio_Workspace\JogoDaVelha\build\android\bin\app.ap_" "--auto-add-overlay" "--extra-packages" "ti.modules.titanium.ui:android.support.v7.appcompat:android.support.v7.cardview" "-S" "C:\Users\Israel\AppData\Local\Temp\1151113-1332-ttmtx8/res" "-S" "C:\Users\Israel\AppData\Local\Temp\1151113-1332-k6bu9e/res" "-S" "C:\Users\Israel\AppData\Local\Temp\1151113-1332-u1vf9b/res"
[INFO]   Building Java source files: C:\Program Files\Java\jdk1.7.0_51\bin\javac.exe "-J-Xmx1024M" "-encoding" "utf8" "-bootclasspath" "C:\androidsdk\platforms\android-23\android.jar;C:\ProgramData\Titanium\mobilesdk\win32\5.1.1.GA\android\kroll-v8.jar;C:\ProgramData\Titanium\mobilesdk\win32\5.1.1.GA\android\modules\titanium-analytics.jar;C:\ProgramData\Titanium\mobilesdk\win32\5.1.1.GA\android\aps-analytics.jar;C:\ProgramData\Titanium\mobilesdk\win32\5.1.1.GA\android\modules\titanium-android.jar;C:\ProgramData\Titanium\mobilesdk\win32\5.1.1.GA\android\jaxen-1.1.1.jar;C:\ProgramData\Titanium\mobilesdk\win32\5.1.1.GA\android\ti-commons-codec-1.3.jar;C:\ProgramData\Titanium\mobilesdk\win32\5.1.1.GA\android\kroll-common.jar;C:\ProgramData\Titanium\mobilesdk\win32\5.1.1.GA\android\titanium.jar;C:\ProgramData\Titanium\mobilesdk\win32\5.1.1.GA\android\modules\titanium-app.jar;C:\ProgramData\Titanium\mobilesdk\win32\5.1.1.GA\android\modules\titanium-ui.jar;C:\ProgramData\Titanium\mobilesdk\win32\5.1.1.GA\android\nineoldandroids-appc-2.4.0.jar;C:\ProgramData\Titanium\mobilesdk\win32\5.1.1.GA\android\modules\titanium-filesystem.jar;C:\ProgramData\Titanium\mobilesdk\win32\5.1.1.GA\android\modules\titanium-media.jar;C:\ProgramData\Titanium\mobilesdk\win32\5.1.1.GA\android\modules\titanium-appcompat.jar;C:\ProgramData\Titanium\mobilesdk\win32\5.1.1.GA\android\android-support-v4.jar;C:\ProgramData\Titanium\mobilesdk\win32\5.1.1.GA\android\android-support-v7-appcompat.jar;C:\ProgramData\Titanium\mobilesdk\win32\5.1.1.GA\android\modules\titanium-cardview.jar;C:\ProgramData\Titanium\mobilesdk\win32\5.1.1.GA\android\cardview-v7-23.0.1.jar;C:\ProgramData\Titanium\mobilesdk\win32\5.1.1.GA\android\modules\titanium-locale.jar;C:\ProgramData\Titanium\mobilesdk\win32\5.1.1.GA\android\modules\titanium-network.jar;C:\ProgramData\Titanium\mobilesdk\win32\5.1.1.GA\android\modules\titanium-xml.jar;C:\ProgramData\Titanium\mobilesdk\win32\5.1.1.GA\android\lib\titanium-verify.jar;R.class;AssetCryptImpl.class;JogodavelhaActivity.class;JogodavelhaAppInfo.class;JogodavelhaApplication.class" "-d" "C:\Users\Israel\Documents\Appcelerator_Studio_Workspace\JogoDaVelha\build\android\bin\classes" "-proc:none" "-target" "1.6" "-source" "1.6" "@C:\Users\Israel\Documents\Appcelerator_Studio_Workspace\JogoDaVelha\build\android\java-sources.txt"
[INFO]   Running dexer: C:\Program Files\Java\jdk1.7.0_51\bin\java.exe "-Xmx1024M" "-XX:-UseGCOverheadLimit" "-Djava.ext.dirs=C:\androidsdk\platform-tools" "-jar" "C:\androidsdk\build-tools\23.0.1\lib\dx.jar" "--dex" "--output=C:\Users\Israel\Documents\Appcelerator_Studio_Workspace\JogoDaVelha\build\android\bin\classes.dex" "C:\Users\Israel\Documents\Appcelerator_Studio_Workspace\JogoDaVelha\build\android\bin\classes" "C:\ProgramData\Titanium\mobilesdk\win32\5.1.1.GA\android\lib\titanium-verify.jar" "C:\ProgramData\Titanium\mobilesdk\win32\5.1.1.GA\android\kroll-v8.jar" "C:\ProgramData\Titanium\mobilesdk\win32\5.1.1.GA\android\modules\titanium-analytics.jar" "C:\ProgramData\Titanium\mobilesdk\win32\5.1.1.GA\android\aps-analytics.jar" "C:\ProgramData\Titanium\mobilesdk\win32\5.1.1.GA\android\modules\titanium-android.jar" "C:\ProgramData\Titanium\mobilesdk\win32\5.1.1.GA\android\jaxen-1.1.1.jar" "C:\ProgramData\Titanium\mobilesdk\win32\5.1.1.GA\android\ti-commons-codec-1.3.jar" "C:\ProgramData\Titanium\mobilesdk\win32\5.1.1.GA\android\kroll-common.jar" "C:\ProgramData\Titanium\mobilesdk\win32\5.1.1.GA\android\titanium.jar" "C:\ProgramData\Titanium\mobilesdk\win32\5.1.1.GA\android\modules\titanium-app.jar" "C:\ProgramData\Titanium\mobilesdk\win32\5.1.1.GA\android\modules\titanium-ui.jar" "C:\ProgramData\Titanium\mobilesdk\win32\5.1.1.GA\android\nineoldandroids-appc-2.4.0.jar" "C:\ProgramData\Titanium\mobilesdk\win32\5.1.1.GA\android\modules\titanium-filesystem.jar" "C:\ProgramData\Titanium\mobilesdk\win32\5.1.1.GA\android\modules\titanium-media.jar" "C:\ProgramData\Titanium\mobilesdk\win32\5.1.1.GA\android\modules\titanium-appcompat.jar" "C:\ProgramData\Titanium\mobilesdk\win32\5.1.1.GA\android\android-support-v4.jar" "C:\ProgramData\Titanium\mobilesdk\win32\5.1.1.GA\android\android-support-v7-appcompat.jar" "C:\ProgramData\Titanium\mobilesdk\win32\5.1.1.GA\android\modules\titanium-cardview.jar" "C:\ProgramData\Titanium\mobilesdk\win32\5.1.1.GA\android\cardview-v7-23.0.1.jar" "C:\ProgramData\Titanium\mobilesdk\win32\5.1.1.GA\android\modules\titanium-locale.jar" "C:\ProgramData\Titanium\mobilesdk\win32\5.1.1.GA\android\modules\titanium-network.jar" "C:\ProgramData\Titanium\mobilesdk\win32\5.1.1.GA\android\modules\titanium-xml.jar"
[INFO]   Creating unsigned apk
[DEBUG]  Processing C:\Users\Israel\Documents\Appcelerator_Studio_Workspace\JogoDaVelha\build\android\bin\app.ap_
[DEBUG]  Deflating AndroidManifest.xml
[DEBUG]  Adding assets/Resources/KS_nav_ui.png
[DEBUG]  Adding assets/Resources/KS_nav_views.png
[DEBUG]  Adding assets/Resources/appicon.png
[DEBUG]  Deflating assets/app.json
[DEBUG]  Deflating assets/index.json
[DEBUG]  Deflating res/anim/abc_fade_in.xml
[DEBUG]  Deflating res/anim/abc_fade_out.xml
[DEBUG]  Deflating res/anim/abc_grow_fade_in_from_bottom.xml
[DEBUG]  Deflating res/anim/abc_popup_enter.xml
[DEBUG]  Deflating res/anim/abc_popup_exit.xml
[DEBUG]  Deflating res/anim/abc_shrink_fade_out_from_bottom.xml
[DEBUG]  Deflating res/anim/abc_slide_in_bottom.xml
[DEBUG]  Deflating res/anim/abc_slide_in_top.xml
[DEBUG]  Deflating res/anim/abc_slide_out_bottom.xml
[DEBUG]  Deflating res/anim/abc_slide_out_top.xml
[DEBUG]  Deflating res/color-v11/abc_background_cache_hint_selector_material_dark.xml
[DEBUG]  Deflating res/color-v11/abc_background_cache_hint_selector_material_light.xml
[DEBUG]  Deflating res/color-v23/abc_color_highlight_material.xml
[DEBUG]  Deflating res/color/abc_background_cache_hint_selector_material_dark.xml
[DEBUG]  Deflating res/color/abc_background_cache_hint_selector_material_light.xml
[DEBUG]  Deflating res/color/abc_primary_text_disable_only_material_dark.xml
[DEBUG]  Deflating res/color/abc_primary_text_disable_only_material_light.xml
[DEBUG]  Deflating res/color/abc_primary_text_material_dark.xml
[DEBUG]  Deflating res/color/abc_primary_text_material_light.xml
[DEBUG]  Deflating res/color/abc_search_url_text.xml
[DEBUG]  Deflating res/color/abc_secondary_text_material_dark.xml
[DEBUG]  Deflating res/color/abc_secondary_text_material_light.xml
[DEBUG]  Deflating res/color/switch_thumb_material_dark.xml
[DEBUG]  Deflating res/color/switch_thumb_material_light.xml
[DEBUG]  Adding res/drawable-hdpi-v4/abc_ab_share_pack_mtrl_alpha.9.png
[DEBUG]  Adding res/drawable-hdpi-v4/abc_btn_check_to_on_mtrl_000.png
[DEBUG]  Adding res/drawable-hdpi-v4/abc_btn_check_to_on_mtrl_015.png
[DEBUG]  Adding res/drawable-hdpi-v4/abc_btn_radio_to_on_mtrl_000.png
[DEBUG]  Adding res/drawable-hdpi-v4/abc_btn_radio_to_on_mtrl_015.png
[DEBUG]  Adding res/drawable-hdpi-v4/abc_btn_rating_star_off_mtrl_alpha.png
[DEBUG]  Adding res/drawable-hdpi-v4/abc_btn_rating_star_on_mtrl_alpha.png
[DEBUG]  Adding res/drawable-hdpi-v4/abc_btn_switch_to_on_mtrl_00001.9.png
[DEBUG]  Adding res/drawable-hdpi-v4/abc_btn_switch_to_on_mtrl_00012.9.png
[DEBUG]  Adding res/drawable-hdpi-v4/abc_cab_background_top_mtrl_alpha.9.png
[DEBUG]  Adding res/drawable-hdpi-v4/abc_ic_ab_back_mtrl_am_alpha.png
[DEBUG]  Adding res/drawable-hdpi-v4/abc_ic_clear_mtrl_alpha.png
[DEBUG]  Adding res/drawable-hdpi-v4/abc_ic_commit_search_api_mtrl_alpha.png
[DEBUG]  Adding res/drawable-hdpi-v4/abc_ic_go_search_api_mtrl_alpha.png
[DEBUG]  Adding res/drawable-hdpi-v4/abc_ic_menu_copy_mtrl_am_alpha.png
[DEBUG]  Adding res/drawable-hdpi-v4/abc_ic_menu_cut_mtrl_alpha.png
[DEBUG]  Adding res/drawable-hdpi-v4/abc_ic_menu_moreoverflow_mtrl_alpha.png
[DEBUG]  Adding res/drawable-hdpi-v4/abc_ic_menu_paste_mtrl_am_alpha.png
[DEBUG]  Adding res/drawable-hdpi-v4/abc_ic_menu_selectall_mtrl_alpha.png
[DEBUG]  Adding res/drawable-hdpi-v4/abc_ic_menu_share_mtrl_alpha.png
[DEBUG]  Adding res/drawable-hdpi-v4/abc_ic_search_api_mtrl_alpha.png
[DEBUG]  Adding res/drawable-hdpi-v4/abc_ic_voice_search_api_mtrl_alpha.png
[DEBUG]  Adding res/drawable-hdpi-v4/abc_list_divider_mtrl_alpha.9.png
[DEBUG]  Adding res/drawable-hdpi-v4/abc_list_focused_holo.9.png
[DEBUG]  Adding res/drawable-hdpi-v4/abc_list_longpressed_holo.9.png
[DEBUG]  Adding res/drawable-hdpi-v4/abc_list_pressed_holo_dark.9.png
[DEBUG]  Adding res/drawable-hdpi-v4/abc_list_pressed_holo_light.9.png
[DEBUG]  Adding res/drawable-hdpi-v4/abc_list_selector_disabled_holo_dark.9.png
[DEBUG]  Adding res/drawable-hdpi-v4/abc_list_selector_disabled_holo_light.9.png
[DEBUG]  Adding res/drawable-hdpi-v4/abc_menu_hardkey_panel_mtrl_mult.9.png
[DEBUG]  Adding res/drawable-hdpi-v4/abc_popup_background_mtrl_mult.9.png
[DEBUG]  Adding res/drawable-hdpi-v4/abc_spinner_mtrl_am_alpha.9.png
[DEBUG]  Adding res/drawable-hdpi-v4/abc_switch_track_mtrl_alpha.9.png
[DEBUG]  Adding res/drawable-hdpi-v4/abc_tab_indicator_mtrl_alpha.9.png
[DEBUG]  Adding res/drawable-hdpi-v4/abc_textfield_activated_mtrl_alpha.9.png
[DEBUG]  Adding res/drawable-hdpi-v4/abc_textfield_default_mtrl_alpha.9.png
[DEBUG]  Adding res/drawable-hdpi-v4/abc_textfield_search_activated_mtrl_alpha.9.png
[DEBUG]  Adding res/drawable-hdpi-v4/abc_textfield_search_default_mtrl_alpha.9.png
[DEBUG]  Adding res/drawable-ldrtl-hdpi-v4/abc_ic_ab_back_mtrl_am_alpha.png
[DEBUG]  Adding res/drawable-ldrtl-hdpi-v4/abc_ic_menu_copy_mtrl_am_alpha.png
[DEBUG]  Adding res/drawable-ldrtl-hdpi-v4/abc_ic_menu_cut_mtrl_alpha.png
[DEBUG]  Adding res/drawable-ldrtl-hdpi-v4/abc_spinner_mtrl_am_alpha.9.png
[DEBUG]  Adding res/drawable-ldrtl-mdpi-v4/abc_ic_ab_back_mtrl_am_alpha.png
[DEBUG]  Adding res/drawable-ldrtl-mdpi-v4/abc_ic_menu_copy_mtrl_am_alpha.png
[DEBUG]  Adding res/drawable-ldrtl-mdpi-v4/abc_ic_menu_cut_mtrl_alpha.png
[DEBUG]  Adding res/drawable-ldrtl-mdpi-v4/abc_spinner_mtrl_am_alpha.9.png
[DEBUG]  Adding res/drawable-ldrtl-xhdpi-v4/abc_ic_ab_back_mtrl_am_alpha.png
[DEBUG]  Adding res/drawable-ldrtl-xhdpi-v4/abc_ic_menu_copy_mtrl_am_alpha.png
[DEBUG]  Adding res/drawable-ldrtl-xhdpi-v4/abc_ic_menu_cut_mtrl_alpha.png
[DEBUG]  Adding res/drawable-ldrtl-xhdpi-v4/abc_spinner_mtrl_am_alpha.9.png
[DEBUG]  Adding res/drawable-ldrtl-xxhdpi-v4/abc_ic_ab_back_mtrl_am_alpha.png
[DEBUG]  Adding res/drawable-ldrtl-xxhdpi-v4/abc_ic_menu_copy_mtrl_am_alpha.png
[DEBUG]  Adding res/drawable-ldrtl-xxhdpi-v4/abc_ic_menu_cut_mtrl_alpha.png
[DEBUG]  Adding res/drawable-ldrtl-xxhdpi-v4/abc_spinner_mtrl_am_alpha.9.png
[DEBUG]  Adding res/drawable-ldrtl-xxxhdpi-v4/abc_ic_ab_back_mtrl_am_alpha.png
[DEBUG]  Adding res/drawable-ldrtl-xxxhdpi-v4/abc_ic_menu_copy_mtrl_am_alpha.png
[DEBUG]  Adding res/drawable-ldrtl-xxxhdpi-v4/abc_ic_menu_cut_mtrl_alpha.png
[DEBUG]  Adding res/drawable-ldrtl-xxxhdpi-v4/abc_spinner_mtrl_am_alpha.9.png
[DEBUG]  Adding res/drawable-long-land-hdpi-v4/background.png
[DEBUG]  Adding res/drawable-long-land-ldpi-v4/background.png
[DEBUG]  Adding res/drawable-long-port-hdpi-v4/background.png
[DEBUG]  Adding res/drawable-long-port-ldpi-v4/background.png
[DEBUG]  Adding res/drawable-mdpi-v4/abc_ab_share_pack_mtrl_alpha.9.png
[DEBUG]  Adding res/drawable-mdpi-v4/abc_btn_check_to_on_mtrl_000.png
[DEBUG]  Adding res/drawable-mdpi-v4/abc_btn_check_to_on_mtrl_015.png
[DEBUG]  Adding res/drawable-mdpi-v4/abc_btn_radio_to_on_mtrl_000.png
[DEBUG]  Adding res/drawable-mdpi-v4/abc_btn_radio_to_on_mtrl_015.png
[DEBUG]  Adding res/drawable-mdpi-v4/abc_btn_rating_star_off_mtrl_alpha.png
[DEBUG]  Adding res/drawable-mdpi-v4/abc_btn_rating_star_on_mtrl_alpha.png
[DEBUG]  Adding res/drawable-mdpi-v4/abc_btn_switch_to_on_mtrl_00001.9.png
[DEBUG]  Adding res/drawable-mdpi-v4/abc_btn_switch_to_on_mtrl_00012.9.png
[DEBUG]  Adding res/drawable-mdpi-v4/abc_cab_background_top_mtrl_alpha.9.png
[DEBUG]  Adding res/drawable-mdpi-v4/abc_ic_ab_back_mtrl_am_alpha.png
[DEBUG]  Adding res/drawable-mdpi-v4/abc_ic_clear_mtrl_alpha.png
[DEBUG]  Adding res/drawable-mdpi-v4/abc_ic_commit_search_api_mtrl_alpha.png
[DEBUG]  Adding res/drawable-mdpi-v4/abc_ic_go_search_api_mtrl_alpha.png
[DEBUG]  Adding res/drawable-mdpi-v4/abc_ic_menu_copy_mtrl_am_alpha.png
[DEBUG]  Adding res/drawable-mdpi-v4/abc_ic_menu_cut_mtrl_alpha.png
[DEBUG]  Adding res/drawable-mdpi-v4/abc_ic_menu_moreoverflow_mtrl_alpha.png
[DEBUG]  Adding res/drawable-mdpi-v4/abc_ic_menu_paste_mtrl_am_alpha.png
[DEBUG]  Adding res/drawable-mdpi-v4/abc_ic_menu_selectall_mtrl_alpha.png
[DEBUG]  Adding res/drawable-mdpi-v4/abc_ic_menu_share_mtrl_alpha.png
[DEBUG]  Adding res/drawable-mdpi-v4/abc_ic_search_api_mtrl_alpha.png
[DEBUG]  Adding res/drawable-mdpi-v4/abc_ic_voice_search_api_mtrl_alpha.png
[DEBUG]  Adding res/drawable-mdpi-v4/abc_list_divider_mtrl_alpha.9.png
[DEBUG]  Adding res/drawable-mdpi-v4/abc_list_focused_holo.9.png
[DEBUG]  Adding res/drawable-mdpi-v4/abc_list_longpressed_holo.9.png
[DEBUG]  Adding res/drawable-mdpi-v4/abc_list_pressed_holo_dark.9.png
[DEBUG]  Adding res/drawable-mdpi-v4/abc_list_pressed_holo_light.9.png
[DEBUG]  Adding res/drawable-mdpi-v4/abc_list_selector_disabled_holo_dark.9.png
[DEBUG]  Adding res/drawable-mdpi-v4/abc_list_selector_disabled_holo_light.9.png
[DEBUG]  Adding res/drawable-mdpi-v4/abc_menu_hardkey_panel_mtrl_mult.9.png
[DEBUG]  Adding res/drawable-mdpi-v4/abc_popup_background_mtrl_mult.9.png
[DEBUG]  Adding res/drawable-mdpi-v4/abc_spinner_mtrl_am_alpha.9.png
[DEBUG]  Adding res/drawable-mdpi-v4/abc_switch_track_mtrl_alpha.9.png
[DEBUG]  Adding res/drawable-mdpi-v4/abc_tab_indicator_mtrl_alpha.9.png
[DEBUG]  Adding res/drawable-mdpi-v4/abc_textfield_activated_mtrl_alpha.9.png
[DEBUG]  Adding res/drawable-mdpi-v4/abc_textfield_default_mtrl_alpha.9.png
[DEBUG]  Adding res/drawable-mdpi-v4/abc_textfield_search_activated_mtrl_alpha.9.png
[DEBUG]  Adding res/drawable-mdpi-v4/abc_textfield_search_default_mtrl_alpha.9.png
[DEBUG]  Adding res/drawable-notlong-land-hdpi-v4/background.png
[DEBUG]  Adding res/drawable-notlong-land-ldpi-v4/background.png
[DEBUG]  Adding res/drawable-notlong-land-mdpi-v4/background.png
[DEBUG]  Adding res/drawable-notlong-port-hdpi-v4/background.png
[DEBUG]  Adding res/drawable-notlong-port-ldpi-v4/background.png
[DEBUG]  Adding res/drawable-notlong-port-mdpi-v4/background.png
[DEBUG]  Deflating res/drawable-v21/abc_action_bar_item_background_material.xml
[DEBUG]  Deflating res/drawable-v21/abc_btn_colored_material.xml
[DEBUG]  Deflating res/drawable-v23/abc_control_background_material.xml
[DEBUG]  Adding res/drawable-xhdpi-v4/abc_ab_share_pack_mtrl_alpha.9.png
[DEBUG]  Adding res/drawable-xhdpi-v4/abc_btn_check_to_on_mtrl_000.png
[DEBUG]  Adding res/drawable-xhdpi-v4/abc_btn_check_to_on_mtrl_015.png
[DEBUG]  Adding res/drawable-xhdpi-v4/abc_btn_radio_to_on_mtrl_000.png
[DEBUG]  Adding res/drawable-xhdpi-v4/abc_btn_radio_to_on_mtrl_015.png
[DEBUG]  Adding res/drawable-xhdpi-v4/abc_btn_rating_star_off_mtrl_alpha.png
[DEBUG]  Adding res/drawable-xhdpi-v4/abc_btn_rating_star_on_mtrl_alpha.png
[DEBUG]  Adding res/drawable-xhdpi-v4/abc_btn_switch_to_on_mtrl_00001.9.png
[DEBUG]  Adding res/drawable-xhdpi-v4/abc_btn_switch_to_on_mtrl_00012.9.png
[DEBUG]  Adding res/drawable-xhdpi-v4/abc_cab_background_top_mtrl_alpha.9.png
[DEBUG]  Adding res/drawable-xhdpi-v4/abc_ic_ab_back_mtrl_am_alpha.png
[DEBUG]  Adding res/drawable-xhdpi-v4/abc_ic_clear_mtrl_alpha.png
[DEBUG]  Adding res/drawable-xhdpi-v4/abc_ic_commit_search_api_mtrl_alpha.png
[DEBUG]  Adding res/drawable-xhdpi-v4/abc_ic_go_search_api_mtrl_alpha.png
[DEBUG]  Adding res/drawable-xhdpi-v4/abc_ic_menu_copy_mtrl_am_alpha.png
[DEBUG]  Adding res/drawable-xhdpi-v4/abc_ic_menu_cut_mtrl_alpha.png
[DEBUG]  Adding res/drawable-xhdpi-v4/abc_ic_menu_moreoverflow_mtrl_alpha.png
[DEBUG]  Adding res/drawable-xhdpi-v4/abc_ic_menu_paste_mtrl_am_alpha.png
[DEBUG]  Adding res/drawable-xhdpi-v4/abc_ic_menu_selectall_mtrl_alpha.png
[DEBUG]  Adding res/drawable-xhdpi-v4/abc_ic_menu_share_mtrl_alpha.png
[DEBUG]  Adding res/drawable-xhdpi-v4/abc_ic_search_api_mtrl_alpha.png
[DEBUG]  Adding res/drawable-xhdpi-v4/abc_ic_voice_search_api_mtrl_alpha.png
[DEBUG]  Adding res/drawable-xhdpi-v4/abc_list_divider_mtrl_alpha.9.png
[DEBUG]  Adding res/drawable-xhdpi-v4/abc_list_focused_holo.9.png
[DEBUG]  Adding res/drawable-xhdpi-v4/abc_list_longpressed_holo.9.png
[DEBUG]  Adding res/drawable-xhdpi-v4/abc_list_pressed_holo_dark.9.png
[DEBUG]  Adding res/drawable-xhdpi-v4/abc_list_pressed_holo_light.9.png
[DEBUG]  Adding res/drawable-xhdpi-v4/abc_list_selector_disabled_holo_dark.9.png
[DEBUG]  Adding res/drawable-xhdpi-v4/abc_list_selector_disabled_holo_light.9.png
[DEBUG]  Adding res/drawable-xhdpi-v4/abc_menu_hardkey_panel_mtrl_mult.9.png
[DEBUG]  Adding res/drawable-xhdpi-v4/abc_popup_background_mtrl_mult.9.png
[DEBUG]  Adding res/drawable-xhdpi-v4/abc_spinner_mtrl_am_alpha.9.png
[DEBUG]  Adding res/drawable-xhdpi-v4/abc_switch_track_mtrl_alpha.9.png
[DEBUG]  Adding res/drawable-xhdpi-v4/abc_tab_indicator_mtrl_alpha.9.png
[DEBUG]  Adding res/drawable-xhdpi-v4/abc_textfield_activated_mtrl_alpha.9.png
[DEBUG]  Adding res/drawable-xhdpi-v4/abc_textfield_default_mtrl_alpha.9.png
[DEBUG]  Adding res/drawable-xhdpi-v4/abc_textfield_search_activated_mtrl_alpha.9.png
[DEBUG]  Adding res/drawable-xhdpi-v4/abc_textfield_search_default_mtrl_alpha.9.png
[DEBUG]  Adding res/drawable-xxhdpi-v4/abc_ab_share_pack_mtrl_alpha.9.png
[DEBUG]  Adding res/drawable-xxhdpi-v4/abc_btn_check_to_on_mtrl_000.png
[DEBUG]  Adding res/drawable-xxhdpi-v4/abc_btn_check_to_on_mtrl_015.png
[DEBUG]  Adding res/drawable-xxhdpi-v4/abc_btn_radio_to_on_mtrl_000.png
[DEBUG]  Adding res/drawable-xxhdpi-v4/abc_btn_radio_to_on_mtrl_015.png
[DEBUG]  Adding res/drawable-xxhdpi-v4/abc_btn_rating_star_off_mtrl_alpha.png
[DEBUG]  Adding res/drawable-xxhdpi-v4/abc_btn_rating_star_on_mtrl_alpha.png
[DEBUG]  Adding res/drawable-xxhdpi-v4/abc_btn_switch_to_on_mtrl_00001.9.png
[DEBUG]  Adding res/drawable-xxhdpi-v4/abc_btn_switch_to_on_mtrl_00012.9.png
[DEBUG]  Adding res/drawable-xxhdpi-v4/abc_cab_background_top_mtrl_alpha.9.png
[DEBUG]  Adding res/drawable-xxhdpi-v4/abc_ic_ab_back_mtrl_am_alpha.png
[DEBUG]  Adding res/drawable-xxhdpi-v4/abc_ic_clear_mtrl_alpha.png
[DEBUG]  Adding res/drawable-xxhdpi-v4/abc_ic_commit_search_api_mtrl_alpha.png
[DEBUG]  Adding res/drawable-xxhdpi-v4/abc_ic_go_search_api_mtrl_alpha.png
[DEBUG]  Adding res/drawable-xxhdpi-v4/abc_ic_menu_copy_mtrl_am_alpha.png
[DEBUG]  Adding res/drawable-xxhdpi-v4/abc_ic_menu_cut_mtrl_alpha.png
[DEBUG]  Adding res/drawable-xxhdpi-v4/abc_ic_menu_moreoverflow_mtrl_alpha.png
[DEBUG]  Adding res/drawable-xxhdpi-v4/abc_ic_menu_paste_mtrl_am_alpha.png
[DEBUG]  Adding res/drawable-xxhdpi-v4/abc_ic_menu_selectall_mtrl_alpha.png
[DEBUG]  Adding res/drawable-xxhdpi-v4/abc_ic_menu_share_mtrl_alpha.png
[DEBUG]  Adding res/drawable-xxhdpi-v4/abc_ic_search_api_mtrl_alpha.png
[DEBUG]  Adding res/drawable-xxhdpi-v4/abc_ic_voice_search_api_mtrl_alpha.png
[DEBUG]  Adding res/drawable-xxhdpi-v4/abc_list_divider_mtrl_alpha.9.png
[DEBUG]  Adding res/drawable-xxhdpi-v4/abc_list_focused_holo.9.png
[DEBUG]  Adding res/drawable-xxhdpi-v4/abc_list_longpressed_holo.9.png
[DEBUG]  Adding res/drawable-xxhdpi-v4/abc_list_pressed_holo_dark.9.png
[DEBUG]  Adding res/drawable-xxhdpi-v4/abc_list_pressed_holo_light.9.png
[DEBUG]  Adding res/drawable-xxhdpi-v4/abc_list_selector_disabled_holo_dark.9.png
[DEBUG]  Adding res/drawable-xxhdpi-v4/abc_list_selector_disabled_holo_light.9.png
[DEBUG]  Adding res/drawable-xxhdpi-v4/abc_menu_hardkey_panel_mtrl_mult.9.png
[DEBUG]  Adding res/drawable-xxhdpi-v4/abc_popup_background_mtrl_mult.9.png
[DEBUG]  Adding res/drawable-xxhdpi-v4/abc_spinner_mtrl_am_alpha.9.png
[DEBUG]  Adding res/drawable-xxhdpi-v4/abc_switch_track_mtrl_alpha.9.png
[DEBUG]  Adding res/drawable-xxhdpi-v4/abc_tab_indicator_mtrl_alpha.9.png
[DEBUG]  Adding res/drawable-xxhdpi-v4/abc_textfield_activated_mtrl_alpha.9.png
[DEBUG]  Adding res/drawable-xxhdpi-v4/abc_textfield_default_mtrl_alpha.9.png
[DEBUG]  Adding res/drawable-xxhdpi-v4/abc_textfield_search_activated_mtrl_alpha.9.png
[DEBUG]  Adding res/drawable-xxhdpi-v4/abc_textfield_search_default_mtrl_alpha.9.png
[DEBUG]  Adding res/drawable-xxxhdpi-v4/abc_btn_check_to_on_mtrl_000.png
[DEBUG]  Adding res/drawable-xxxhdpi-v4/abc_btn_check_to_on_mtrl_015.png
[DEBUG]  Adding res/drawable-xxxhdpi-v4/abc_btn_radio_to_on_mtrl_000.png
[DEBUG]  Adding res/drawable-xxxhdpi-v4/abc_btn_radio_to_on_mtrl_015.png
[DEBUG]  Adding res/drawable-xxxhdpi-v4/abc_btn_switch_to_on_mtrl_00001.9.png
[DEBUG]  Adding res/drawable-xxxhdpi-v4/abc_btn_switch_to_on_mtrl_00012.9.png
[DEBUG]  Adding res/drawable-xxxhdpi-v4/abc_ic_ab_back_mtrl_am_alpha.png
[DEBUG]  Adding res/drawable-xxxhdpi-v4/abc_ic_clear_mtrl_alpha.png
[DEBUG]  Adding res/drawable-xxxhdpi-v4/abc_ic_menu_copy_mtrl_am_alpha.png
[DEBUG]  Adding res/drawable-xxxhdpi-v4/abc_ic_menu_cut_mtrl_alpha.png
[DEBUG]  Adding res/drawable-xxxhdpi-v4/abc_ic_menu_moreoverflow_mtrl_alpha.png
[DEBUG]  Adding res/drawable-xxxhdpi-v4/abc_ic_menu_paste_mtrl_am_alpha.png
[DEBUG]  Adding res/drawable-xxxhdpi-v4/abc_ic_menu_selectall_mtrl_alpha.png
[DEBUG]  Adding res/drawable-xxxhdpi-v4/abc_ic_menu_share_mtrl_alpha.png
[DEBUG]  Adding res/drawable-xxxhdpi-v4/abc_ic_search_api_mtrl_alpha.png
[DEBUG]  Adding res/drawable-xxxhdpi-v4/abc_ic_voice_search_api_mtrl_alpha.png
[DEBUG]  Adding res/drawable-xxxhdpi-v4/abc_spinner_mtrl_am_alpha.9.png
[DEBUG]  Adding res/drawable-xxxhdpi-v4/abc_switch_track_mtrl_alpha.9.png
[DEBUG]  Adding res/drawable-xxxhdpi-v4/abc_tab_indicator_mtrl_alpha.9.png
[DEBUG]  Deflating res/drawable/abc_btn_borderless_material.xml
[DEBUG]  Deflating res/drawable/abc_btn_check_material.xml
[DEBUG]  Deflating res/drawable/abc_btn_colored_material.xml
[DEBUG]  Deflating res/drawable/abc_btn_default_mtrl_shape.xml
[DEBUG]  Deflating res/drawable/abc_btn_radio_material.xml
[DEBUG]  Deflating res/drawable/abc_cab_background_internal_bg.xml
[DEBUG]  Deflating res/drawable/abc_cab_background_top_material.xml
[DEBUG]  Deflating res/drawable/abc_dialog_material_background_dark.xml
[DEBUG]  Deflating res/drawable/abc_dialog_material_background_light.xml
[DEBUG]  Deflating res/drawable/abc_edit_text_material.xml
[DEBUG]  Deflating res/drawable/abc_item_background_holo_dark.xml
[DEBUG]  Deflating res/drawable/abc_item_background_holo_light.xml
[DEBUG]  Deflating res/drawable/abc_list_selector_background_transition_holo_dark.xml
[DEBUG]  Deflating res/drawable/abc_list_selector_background_transition_holo_light.xml
[DEBUG]  Deflating res/drawable/abc_list_selector_holo_dark.xml
[DEBUG]  Deflating res/drawable/abc_list_selector_holo_light.xml
[DEBUG]  Deflating res/drawable/abc_ratingbar_full_material.xml
[DEBUG]  Deflating res/drawable/abc_spinner_textfield_background_material.xml
[DEBUG]  Deflating res/drawable/abc_switch_thumb_material.xml
[DEBUG]  Deflating res/drawable/abc_tab_indicator_material.xml
[DEBUG]  Deflating res/drawable/abc_text_cursor_material.xml
[DEBUG]  Deflating res/drawable/abc_textfield_search_material.xml
[DEBUG]  Adding res/drawable/appicon.png
[DEBUG]  Adding res/drawable/background.png
[DEBUG]  Adding res/drawable/btn_check_buttonless_on_64.png
[DEBUG]  Adding res/drawable/btn_more_64.png
[DEBUG]  Adding res/drawable/disclosure_64.png
[DEBUG]  Deflating res/layout-v17/abc_alert_dialog_material.xml
[DEBUG]  Deflating res/layout-v17/abc_dialog_title_material.xml
[DEBUG]  Deflating res/layout-v17/abc_search_view.xml
[DEBUG]  Deflating res/layout-v17/notification_template_big_media.xml
[DEBUG]  Deflating res/layout-v17/notification_template_big_media_narrow.xml
[DEBUG]  Deflating res/layout-v17/notification_template_lines.xml
[DEBUG]  Deflating res/layout-v17/notification_template_media.xml
[DEBUG]  Deflating res/layout-v17/notification_template_part_chronometer.xml
[DEBUG]  Deflating res/layout-v17/notification_template_part_time.xml
[DEBUG]  Deflating res/layout-v21/abc_screen_toolbar.xml
[DEBUG]  Deflating res/layout-v21/titanium_ui_date_picker_spinner.xml
[DEBUG]  Deflating res/layout-v21/titanium_ui_time_picker_spinner.xml
[DEBUG]  Deflating res/layout/abc_action_bar_title_item.xml
[DEBUG]  Deflating res/layout/abc_action_bar_up_container.xml
[DEBUG]  Deflating res/layout/abc_action_bar_view_list_nav_layout.xml
[DEBUG]  Deflating res/layout/abc_action_menu_item_layout.xml
[DEBUG]  Deflating res/layout/abc_action_menu_layout.xml
[DEBUG]  Deflating res/layout/abc_action_mode_bar.xml
[DEBUG]  Deflating res/layout/abc_action_mode_close_item_material.xml
[DEBUG]  Deflating res/layout/abc_activity_chooser_view.xml
[DEBUG]  Deflating res/layout/abc_activity_chooser_view_list_item.xml
[DEBUG]  Deflating res/layout/abc_alert_dialog_material.xml
[DEBUG]  Deflating res/layout/abc_dialog_title_material.xml
[DEBUG]  Deflating res/layout/abc_expanded_menu_layout.xml
[DEBUG]  Deflating res/layout/abc_list_menu_item_checkbox.xml
[DEBUG]  Deflating res/layout/abc_list_menu_item_icon.xml
[DEBUG]  Deflating res/layout/abc_list_menu_item_layout.xml
[DEBUG]  Deflating res/layout/abc_list_menu_item_radio.xml
[DEBUG]  Deflating res/layout/abc_popup_menu_item_layout.xml
[DEBUG]  Deflating res/layout/abc_screen_content_include.xml
[DEBUG]  Deflating res/layout/abc_screen_simple.xml
[DEBUG]  Deflating res/layout/abc_screen_simple_overlay_action_mode.xml
[DEBUG]  Deflating res/layout/abc_screen_toolbar.xml
[DEBUG]  Deflating res/layout/abc_search_dropdown_item_icons_2line.xml
[DEBUG]  Deflating res/layout/abc_search_view.xml
[DEBUG]  Deflating res/layout/abc_select_dialog_material.xml
[DEBUG]  Deflating res/layout/notification_media_action.xml
[DEBUG]  Deflating res/layout/notification_media_cancel_action.xml
[DEBUG]  Deflating res/layout/notification_template_big_media.xml
[DEBUG]  Deflating res/layout/notification_template_big_media_narrow.xml
[DEBUG]  Deflating res/layout/notification_template_lines.xml
[DEBUG]  Deflating res/layout/notification_template_media.xml
[DEBUG]  Deflating res/layout/notification_template_part_chronometer.xml
[DEBUG]  Deflating res/layout/notification_template_part_time.xml
[DEBUG]  Deflating res/layout/select_dialog_item_material.xml
[DEBUG]  Deflating res/layout/select_dialog_multichoice_material.xml
[DEBUG]  Deflating res/layout/select_dialog_singlechoice_material.xml
[DEBUG]  Deflating res/layout/support_simple_spinner_dropdown_item.xml
[DEBUG]  Deflating res/layout/titanium_tabgroup.xml
[DEBUG]  Deflating res/layout/titanium_ui_checkbox.xml
[DEBUG]  Deflating res/layout/titanium_ui_date_picker_spinner.xml
[DEBUG]  Deflating res/layout/titanium_ui_edittext.xml
[DEBUG]  Deflating res/layout/titanium_ui_list_header_or_footer.xml
[DEBUG]  Deflating res/layout/titanium_ui_list_item.xml
[DEBUG]  Deflating res/layout/titanium_ui_spinner.xml
[DEBUG]  Deflating res/layout/titanium_ui_switchcompat.xml
[DEBUG]  Deflating res/layout/titanium_ui_time_picker_spinner.xml
[DEBUG]  Deflating resources.arsc
[DEBUG]  Processing C:\ProgramData\Titanium\mobilesdk\win32\5.1.1.GA\android\kroll-v8.jar
[DEBUG]  Processing C:\ProgramData\Titanium\mobilesdk\win32\5.1.1.GA\android\modules\titanium-analytics.jar
[DEBUG]  Processing C:\ProgramData\Titanium\mobilesdk\win32\5.1.1.GA\android\aps-analytics.jar
[DEBUG]  Processing C:\ProgramData\Titanium\mobilesdk\win32\5.1.1.GA\android\modules\titanium-android.jar
[DEBUG]  Processing C:\ProgramData\Titanium\mobilesdk\win32\5.1.1.GA\android\jaxen-1.1.1.jar
[DEBUG]  Processing C:\ProgramData\Titanium\mobilesdk\win32\5.1.1.GA\android\ti-commons-codec-1.3.jar
[DEBUG]  Processing C:\ProgramData\Titanium\mobilesdk\win32\5.1.1.GA\android\kroll-common.jar
[DEBUG]  Processing C:\ProgramData\Titanium\mobilesdk\win32\5.1.1.GA\android\titanium.jar
[DEBUG]  Deflating org/appcelerator/titanium/build.properties
[DEBUG]  Adding org/appcelerator/titanium/res/drawable/background.png
[DEBUG]  Adding org/appcelerator/titanium/res/drawable/btn_check_buttonless_on.png
[DEBUG]  Adding org/appcelerator/titanium/res/drawable/btn_check_buttonless_on_100.png
[DEBUG]  Adding org/appcelerator/titanium/res/drawable/btn_check_buttonless_on_18.png
[DEBUG]  Adding org/appcelerator/titanium/res/drawable/btn_check_buttonless_on_48.png
[DEBUG]  Adding org/appcelerator/titanium/res/drawable/btn_check_buttonless_on_64.png
[DEBUG]  Adding org/appcelerator/titanium/res/drawable/btn_more.png
[DEBUG]  Adding org/appcelerator/titanium/res/drawable/btn_more_100.png
[DEBUG]  Adding org/appcelerator/titanium/res/drawable/btn_more_18.png
[DEBUG]  Adding org/appcelerator/titanium/res/drawable/btn_more_48.png
[DEBUG]  Adding org/appcelerator/titanium/res/drawable/btn_more_64.png
[DEBUG]  Adding org/appcelerator/titanium/res/drawable/btn_picker_normal.9.png
[DEBUG]  Adding org/appcelerator/titanium/res/drawable/btn_picker_pressed.9.png
[DEBUG]  Adding org/appcelerator/titanium/res/drawable/btn_picker_selected.9.png
[DEBUG]  Adding org/appcelerator/titanium/res/drawable/default_icon.png
[DEBUG]  Adding org/appcelerator/titanium/res/drawable/photoDefault.png
[DEBUG]  Processing C:\ProgramData\Titanium\mobilesdk\win32\5.1.1.GA\android\modules\titanium-app.jar
[DEBUG]  Processing C:\ProgramData\Titanium\mobilesdk\win32\5.1.1.GA\android\modules\titanium-ui.jar
[DEBUG]  Deflating ti/modules/titanium/ui/widget/webview/binding.js
[DEBUG]  Deflating ti/modules/titanium/ui/widget/webview/binding.min.js
[DEBUG]  Deflating ti/modules/titanium/ui/widget/webview/json2.js
[DEBUG]  Deflating ti/modules/titanium/ui/widget/webview/polling.js
[DEBUG]  Deflating ti/modules/titanium/ui/widget/webview/polling.min.js
[DEBUG]  Processing C:\ProgramData\Titanium\mobilesdk\win32\5.1.1.GA\android\nineoldandroids-appc-2.4.0.jar
[DEBUG]  Processing C:\ProgramData\Titanium\mobilesdk\win32\5.1.1.GA\android\modules\titanium-filesystem.jar
[DEBUG]  Processing C:\ProgramData\Titanium\mobilesdk\win32\5.1.1.GA\android\modules\titanium-media.jar
[DEBUG]  Processing C:\ProgramData\Titanium\mobilesdk\win32\5.1.1.GA\android\modules\titanium-appcompat.jar
[DEBUG]  Processing C:\ProgramData\Titanium\mobilesdk\win32\5.1.1.GA\android\android-support-v4.jar
[DEBUG]  Processing C:\ProgramData\Titanium\mobilesdk\win32\5.1.1.GA\android\android-support-v7-appcompat.jar
[DEBUG]  Processing C:\ProgramData\Titanium\mobilesdk\win32\5.1.1.GA\android\modules\titanium-cardview.jar
[DEBUG]  Processing C:\ProgramData\Titanium\mobilesdk\win32\5.1.1.GA\android\cardview-v7-23.0.1.jar
[DEBUG]  Processing C:\ProgramData\Titanium\mobilesdk\win32\5.1.1.GA\android\modules\titanium-locale.jar
[DEBUG]  Processing C:\ProgramData\Titanium\mobilesdk\win32\5.1.1.GA\android\modules\titanium-network.jar
[DEBUG]  Processing C:\ProgramData\Titanium\mobilesdk\win32\5.1.1.GA\android\modules\titanium-xml.jar
[DEBUG]  Adding classes.dex
[INFO]   Processing C:\Users\Israel\Documents\Appcelerator_Studio_Workspace\JogoDaVelha\build\android\src
[DEBUG]  Adding lib/armeabi/libkroll-v8.so
[DEBUG]  Adding lib/armeabi/libstlport_shared.so
[DEBUG]  Adding lib/armeabi/libtiverify.so
[DEBUG]  Adding lib/armeabi-v7a/libkroll-v8.so
[DEBUG]  Adding lib/armeabi-v7a/libstlport_shared.so
[DEBUG]  Adding lib/armeabi-v7a/libtiverify.so
[DEBUG]  Adding lib/x86/libkroll-v8.so
[DEBUG]  Adding lib/x86/libstlport_shared.so
[DEBUG]  Adding lib/x86/libtiverify.so
[INFO]   Writing unsigned apk: C:\Users\Israel\Documents\Appcelerator_Studio_Workspace\JogoDaVelha\build\android\bin\app-unsigned.apk
[INFO]   Using MD5withRSA signature algorithm
[INFO]   Signing apk: C:\Program Files\Java\jdk1.7.0_51\bin\jarsigner.exe "-sigalg" "MD5withRSA" "-digestalg" "SHA1" "-keystore" "C:\ProgramData\Titanium\mobilesdk\win32\5.1.1.GA\android\dev_keystore" "-storepass" "*******" "-signedjar" "C:\Users\Israel\Documents\Appcelerator_Studio_Workspace\JogoDaVelha\build\android\bin\JogoDaVelha.apk" "C:\Users\Israel\Documents\Appcelerator_Studio_Workspace\JogoDaVelha\build\android\bin\app-unsigned.apk" "tidev"
[INFO]   Aligning zip file: C:\androidsdk\build-tools\23.0.1\zipalign.exe "-v" "4" "C:\Users\Israel\Documents\Appcelerator_Studio_Workspace\JogoDaVelha\build\android\bin\JogoDaVelha.apk" "C:\Users\Israel\Documents\Appcelerator_Studio_Workspace\JogoDaVelha\build\android\bin\JogoDaVelha.apkz"
[INFO]   Writing build manifest: C:\Users\Israel\Documents\Appcelerator_Studio_Workspace\JogoDaVelha\build\android\build-manifest.json
[INFO]   Making sure the adb server is running
[INFO]   Installing apk: C:\Users\Israel\Documents\Appcelerator_Studio_Workspace\JogoDaVelha\build\android\bin\JogoDaVelha.apk
[INFO]   Installing app on device: XT1033
[TRACE]  Checking if package manager service is started
[TRACE]  Package manager has started
[TRACE]  Executing: C:\androidsdk\platform-tools\adb.exe -s 0423334279 install -r C:\Users\Israel\Documents\Appcelerator_Studio_Workspace\JogoDaVelha\build\android\bin\JogoDaVelha.apk
[INFO]   App successfully installed
[INFO]   Starting app: com.israelnascimento.jogodavelha/.JogodavelhaActivity
[DEBUG]  Trying to start the app...
[INFO]   Application pid: 23712
[INFO]   Project built successfully in 44s 216ms
